<?xml version="1.0" encoding="UTF-8"?>
<!-- Generated by org.testng.reporters.JUnitReportReporter -->
<testsuite skipped="0" hostname="SMBLR-PC0DZSF3" name="ExtentReport.ExtentReports.TestFail" tests="1" failures="0" timestamp="2020-08-29T15:55:49 IST" time="12.004" errors="0">
  <testcase name="Demo" time="12.004" classname="ExtentReport.ExtentReports.TestFail"/>
</testsuite> <!-- ExtentReport.ExtentReports.TestFail -->
