<?xml version="1.0" encoding="UTF-8"?>
<!-- Generated by org.testng.reporters.JUnitReportReporter -->
<testsuite skipped="0" hostname="SMBLR-PC0DZSF3" name="ExtentReport.ExtentReports.Chrome" tests="1" failures="0" timestamp="2020-09-10T16:45:17 IST" time="17.165" errors="0">
  <testcase name="sampleTest1" time="17.165" classname="ExtentReport.ExtentReports.Chrome"/>
</testsuite> <!-- ExtentReport.ExtentReports.Chrome -->
